0 info it worked if it ends with ok
1 verbose cli [ '/usr/local/Cellar/node/0.10.24/bin/node',
1 verbose cli   '/usr/local/bin/npm',
1 verbose cli   'run',
1 verbose cli   'gulp' ]
2 info using npm@1.3.21
3 info using node@v0.10.24
4 verbose run-script [ 'pregulp', 'gulp', 'postgulp' ]
5 info pregulp mean.coffee@0.0.1
6 info gulp mean.coffee@0.0.1
7 verbose unsafe-perm in lifecycle true
8 info mean.coffee@0.0.1 Failed to exec gulp script
9 error mean.coffee@0.0.1 gulp: `gulp --require coffee-script`
9 error Exit status 1
10 error Failed at the mean.coffee@0.0.1 gulp script.
10 error This is most likely a problem with the mean.coffee package,
10 error not with npm itself.
10 error Tell the author that this fails on your system:
10 error     gulp --require coffee-script
10 error You can get their info via:
10 error     npm owner ls mean.coffee
10 error There is likely additional logging output above.
11 error System Darwin 13.0.0
12 error command "/usr/local/Cellar/node/0.10.24/bin/node" "/usr/local/bin/npm" "run" "gulp"
13 error cwd /Users/tlaurens/Documents/GitHub/mean.coffee
14 error node -v v0.10.24
15 error npm -v 1.3.21
16 error code ELIFECYCLE
17 verbose exit [ 1, true ]
